<?xml version="1.0" encoding="UTF-8"?>
<testsuite xmlns:xsi="http://www.w3.org/2001/XMLSchema-instance" xsi:noNamespaceSchemaLocation="https://maven.apache.org/surefire/maven-surefire-plugin/xsd/surefire-test-report-3.0.xsd" version="3.0" name="com.example.demo.Demo1ApplicationTests" time="5.94" tests="1" errors="0" skipped="0" failures="0">
  <properties>
[...]
</properties>
  <testcase name="contextLoads" classname="com.example.demo.Demo1ApplicationTests" time="0.471">
    <system-out><![CDATA[15:28:58.160 [main] INFO org.springframework.test.context.support.AnnotationConfigContextLoaderUtils -- Could not detect default configuration classes for test class [com.example.demo.Demo1ApplicationTests]: Demo1ApplicationTests does not declare any static, non-private, non-final, nested classes annotated with @Configuration.
15:28:58.274 [main] INFO org.springframework.boot.test.context.SpringBootTestContextBootstrapper -- Found @SpringBootConfiguration com.example.demo.Demo1Application for test class com.example.demo.Demo1ApplicationTests
15:28:58.440 [main] INFO org.springframework.boot.devtools.restart.RestartApplicationListener -- Restart disabled due to context in which it is running

  .   ____          _            __ _ _
 /\\ / ___'_ __ _ _(_)_ __  __ _ \ \ \ \
( ( )\___ | '_ | '_| | '_ \/ _` | \ \ \ \
 \\/  ___)| |_)| | | | | || (_| |  ) ) ) )
  '  |____| .__|_| |_|_| |_\__, | / / / /
 =========|_|==============|___/=/_/_/_/
 :: Spring Boot ::                (v3.1.5)

2023-12-02T15:28:58.660+07:00  INFO 16172 --- [           main] com.example.demo.Demo1ApplicationTests   : Starting Demo1ApplicationTests using Java 20.0.1 with PID 16172 (started by phatn in C:\Users\phatn\Desktop\LTWEB\demo-1)
2023-12-02T15:28:58.661+07:00  INFO 16172 --- [           main] com.example.demo.Demo1ApplicationTests   : No active profile set, falling back to 1 default profile: "default"
2023-12-02T15:28:59.400+07:00  INFO 16172 --- [           main] .s.d.r.c.RepositoryConfigurationDelegate : Bootstrapping Spring Data JPA repositories in DEFAULT mode.
2023-12-02T15:28:59.497+07:00  INFO 16172 --- [           main] .s.d.r.c.RepositoryConfigurationDelegate : Finished Spring Data repository scanning in 88 ms. Found 10 JPA repository interfaces.
2023-12-02T15:29:00.043+07:00  INFO 16172 --- [           main] com.zaxxer.hikari.HikariDataSource       : HikariPool-1 - Starting...
2023-12-02T15:29:00.388+07:00  INFO 16172 --- [           main] com.zaxxer.hikari.pool.HikariPool        : HikariPool-1 - Added connection ConnectionID:1 ClientConnectionId: 9056a51f-76e1-44c9-a6ba-50a9538166ad
2023-12-02T15:29:00.390+07:00  INFO 16172 --- [           main] com.zaxxer.hikari.HikariDataSource       : HikariPool-1 - Start completed.
2023-12-02T15:29:00.439+07:00  INFO 16172 --- [           main] o.hibernate.jpa.internal.util.LogHelper  : HHH000204: Processing PersistenceUnitInfo [name: default]
2023-12-02T15:29:00.497+07:00  INFO 16172 --- [           main] org.hibernate.Version                    : HHH000412: Hibernate ORM core version 6.2.13.Final
2023-12-02T15:29:00.501+07:00  INFO 16172 --- [           main] org.hibernate.cfg.Environment            : HHH000406: Using bytecode reflection optimizer
2023-12-02T15:29:00.820+07:00  INFO 16172 --- [           main] o.s.o.j.p.SpringPersistenceUnitInfo      : No LoadTimeWeaver setup: ignoring JPA class transformer
2023-12-02T15:29:01.324+07:00  WARN 16172 --- [           main] org.hibernate.mapping.RootClass          : HHH000038: Composite-id class does not override equals(): com.example.demo.model.Feedback$FeedbackId
2023-12-02T15:29:01.324+07:00  WARN 16172 --- [           main] org.hibernate.mapping.RootClass          : HHH000039: Composite-id class does not override hashCode(): com.example.demo.model.Feedback$FeedbackId
2023-12-02T15:29:01.324+07:00  WARN 16172 --- [           main] org.hibernate.mapping.RootClass          : HHH000038: Composite-id class does not override equals(): com.example.demo.model.ProductLotDetails$ProductLotDetailsId
2023-12-02T15:29:01.324+07:00  WARN 16172 --- [           main] org.hibernate.mapping.RootClass          : HHH000039: Composite-id class does not override hashCode(): com.example.demo.model.ProductLotDetails$ProductLotDetailsId
2023-12-02T15:29:01.325+07:00  WARN 16172 --- [           main] org.hibernate.mapping.RootClass          : HHH000038: Composite-id class does not override equals(): com.example.demo.model.PromotionDetail$PromotionDetailId
2023-12-02T15:29:01.325+07:00  WARN 16172 --- [           main] org.hibernate.mapping.RootClass          : HHH000039: Composite-id class does not override hashCode(): com.example.demo.model.PromotionDetail$PromotionDetailId
2023-12-02T15:29:01.325+07:00  WARN 16172 --- [           main] org.hibernate.mapping.RootClass          : HHH000038: Composite-id class does not override equals(): com.example.demo.model.ShoppingCart$ShoppingCartId
2023-12-02T15:29:01.325+07:00  WARN 16172 --- [           main] org.hibernate.mapping.RootClass          : HHH000039: Composite-id class does not override hashCode(): com.example.demo.model.ShoppingCart$ShoppingCartId
2023-12-02T15:29:01.325+07:00  WARN 16172 --- [           main] org.hibernate.mapping.RootClass          : HHH000038: Composite-id class does not override equals(): com.example.demo.model.InvoiceDetail$InvoiceDetailId
2023-12-02T15:29:01.325+07:00  WARN 16172 --- [           main] org.hibernate.mapping.RootClass          : HHH000039: Composite-id class does not override hashCode(): com.example.demo.model.InvoiceDetail$InvoiceDetailId
2023-12-02T15:29:01.887+07:00  INFO 16172 --- [           main] o.h.m.internal.PojoInstantiatorImpl      : HHH000182: No default (no-argument) constructor for class: com.example.demo.model.Feedback$FeedbackId (class must be instantiated by Interceptor)
2023-12-02T15:29:01.896+07:00  INFO 16172 --- [           main] o.h.m.internal.PojoInstantiatorImpl      : HHH000182: No default (no-argument) constructor for class: com.example.demo.model.ProductLotDetails$ProductLotDetailsId (class must be instantiated by Interceptor)
2023-12-02T15:29:01.897+07:00  INFO 16172 --- [           main] o.h.m.internal.PojoInstantiatorImpl      : HHH000182: No default (no-argument) constructor for class: com.example.demo.model.PromotionDetail$PromotionDetailId (class must be instantiated by Interceptor)
2023-12-02T15:29:01.897+07:00  INFO 16172 --- [           main] o.h.m.internal.PojoInstantiatorImpl      : HHH000182: No default (no-argument) constructor for class: com.example.demo.model.ShoppingCart$ShoppingCartId (class must be instantiated by Interceptor)
2023-12-02T15:29:01.898+07:00  INFO 16172 --- [           main] o.h.m.internal.PojoInstantiatorImpl      : HHH000182: No default (no-argument) constructor for class: com.example.demo.model.InvoiceDetail$InvoiceDetailId (class must be instantiated by Interceptor)
2023-12-02T15:29:02.082+07:00  INFO 16172 --- [           main] o.h.e.t.j.p.i.JtaPlatformInitiator       : HHH000489: No JTA platform available (set 'hibernate.transaction.jta.platform' to enable JTA platform integration)
2023-12-02T15:29:02.085+07:00  INFO 16172 --- [           main] j.LocalContainerEntityManagerFactoryBean : Initialized JPA EntityManagerFactory for persistence unit 'default'
2023-12-02T15:29:02.694+07:00  WARN 16172 --- [           main] JpaBaseConfiguration$JpaWebConfiguration : spring.jpa.open-in-view is enabled by default. Therefore, database queries may be performed during view rendering. Explicitly configure spring.jpa.open-in-view to disable this warning
2023-12-02T15:29:03.064+07:00  INFO 16172 --- [           main] o.s.s.web.DefaultSecurityFilterChain     : Will secure Or [Mvc [pattern='/admin/**']] with [org.springframework.security.web.session.DisableEncodeUrlFilter@7a4199e5, org.springframework.security.web.context.request.async.WebAsyncManagerIntegrationFilter@6fe55fcf, org.springframework.security.web.context.SecurityContextHolderFilter@5d1d05ff, org.springframework.security.web.header.HeaderWriterFilter@665c79a2, org.springframework.security.web.authentication.logout.LogoutFilter@5069a91b, org.springframework.security.web.authentication.UsernamePasswordAuthenticationFilter@73ba3c4b, org.springframework.security.web.savedrequest.RequestCacheAwareFilter@2c3d1214, org.springframework.security.web.servletapi.SecurityContextHolderAwareRequestFilter@2e4262d2, org.springframework.security.web.authentication.AnonymousAuthenticationFilter@4d1f6e1c, org.springframework.security.web.access.ExceptionTranslationFilter@1ead6e20, org.springframework.security.web.access.intercept.AuthorizationFilter@18f1a81a]
2023-12-02T15:29:03.070+07:00  INFO 16172 --- [           main] o.s.s.web.DefaultSecurityFilterChain     : Will secure any request with [org.springframework.security.web.session.DisableEncodeUrlFilter@1cecd0a9, org.springframework.security.web.context.request.async.WebAsyncManagerIntegrationFilter@4822d7a1, org.springframework.security.web.context.SecurityContextHolderFilter@4bbabec8, org.springframework.security.web.header.HeaderWriterFilter@2693e39c, org.springframework.security.web.authentication.logout.LogoutFilter@cc3fc5c, org.springframework.security.web.authentication.UsernamePasswordAuthenticationFilter@fdeec12, org.springframework.security.web.savedrequest.RequestCacheAwareFilter@1043c493, org.springframework.security.web.servletapi.SecurityContextHolderAwareRequestFilter@2b27d5d3, org.springframework.security.web.authentication.AnonymousAuthenticationFilter@6fa5fc67, org.springframework.security.web.access.ExceptionTranslationFilter@403f6c04, org.springframework.security.web.access.intercept.AuthorizationFilter@173602c0]
2023-12-02T15:29:03.444+07:00  INFO 16172 --- [           main] com.example.demo.Demo1ApplicationTests   : Started Demo1ApplicationTests in 5.017 seconds (process running for 6.012)
]]></system-out>
  </testcase>
</testsuite>