<?xml version="1.0" encoding="UTF-8"?>
<testsuite xmlns:xsi="http://www.w3.org/2001/XMLSchema-instance" xsi:noNamespaceSchemaLocation="https://maven.apache.org/surefire/maven-surefire-plugin/xsd/surefire-test-report-3.0.xsd" version="3.0" name="com.example.demo.Demo1ApplicationTests" time="5.768" tests="1" errors="0" skipped="0" failures="0">
  <properties>
[...]
</properties>
  <testcase name="contextLoads" classname="com.example.demo.Demo1ApplicationTests" time="0.506">
    <system-out><![CDATA[23:49:08.957 [main] INFO org.springframework.test.context.support.AnnotationConfigContextLoaderUtils -- Could not detect default configuration classes for test class [com.example.demo.Demo1ApplicationTests]: Demo1ApplicationTests does not declare any static, non-private, non-final, nested classes annotated with @Configuration.
23:49:09.053 [main] INFO org.springframework.boot.test.context.SpringBootTestContextBootstrapper -- Found @SpringBootConfiguration com.example.demo.Demo1Application for test class com.example.demo.Demo1ApplicationTests
23:49:09.227 [main] INFO org.springframework.boot.devtools.restart.RestartApplicationListener -- Restart disabled due to context in which it is running

  .   ____          _            __ _ _
 /\\ / ___'_ __ _ _(_)_ __  __ _ \ \ \ \
( ( )\___ | '_ | '_| | '_ \/ _` | \ \ \ \
 \\/  ___)| |_)| | | | | || (_| |  ) ) ) )
  '  |____| .__|_| |_|_| |_\__, | / / / /
 =========|_|==============|___/=/_/_/_/
 :: Spring Boot ::                (v3.1.5)

2023-11-03T23:49:09.517+07:00  INFO 816 --- [           main] com.example.demo.Demo1ApplicationTests   : Starting Demo1ApplicationTests using Java 20.0.1 with PID 816 (started by phatn in C:\Users\phatn\Desktop\LTWEB\demo-1)
2023-11-03T23:49:09.518+07:00  INFO 816 --- [           main] com.example.demo.Demo1ApplicationTests   : No active profile set, falling back to 1 default profile: "default"
2023-11-03T23:49:10.122+07:00  INFO 816 --- [           main] .s.d.r.c.RepositoryConfigurationDelegate : Bootstrapping Spring Data JPA repositories in DEFAULT mode.
2023-11-03T23:49:10.176+07:00  INFO 816 --- [           main] .s.d.r.c.RepositoryConfigurationDelegate : Finished Spring Data repository scanning in 47 ms. Found 1 JPA repository interfaces.
2023-11-03T23:49:10.682+07:00  INFO 816 --- [           main] com.zaxxer.hikari.HikariDataSource       : HikariPool-1 - Starting...
2023-11-03T23:49:11.032+07:00  INFO 816 --- [           main] com.zaxxer.hikari.pool.HikariPool        : HikariPool-1 - Added connection ConnectionID:1 ClientConnectionId: bd7c7281-d9e3-43db-b4a4-fd0049bc9f9b
2023-11-03T23:49:11.034+07:00  INFO 816 --- [           main] com.zaxxer.hikari.HikariDataSource       : HikariPool-1 - Start completed.
2023-11-03T23:49:11.099+07:00  INFO 816 --- [           main] o.hibernate.jpa.internal.util.LogHelper  : HHH000204: Processing PersistenceUnitInfo [name: default]
2023-11-03T23:49:11.178+07:00  INFO 816 --- [           main] org.hibernate.Version                    : HHH000412: Hibernate ORM core version 6.2.13.Final
2023-11-03T23:49:11.181+07:00  INFO 816 --- [           main] org.hibernate.cfg.Environment            : HHH000406: Using bytecode reflection optimizer
2023-11-03T23:49:11.605+07:00  INFO 816 --- [           main] o.s.o.j.p.SpringPersistenceUnitInfo      : No LoadTimeWeaver setup: ignoring JPA class transformer
2023-11-03T23:49:12.229+07:00  WARN 816 --- [           main] org.hibernate.mapping.RootClass          : HHH000038: Composite-id class does not override equals(): com.example.demo.model.Feedback$FeedbackId
2023-11-03T23:49:12.230+07:00  WARN 816 --- [           main] org.hibernate.mapping.RootClass          : HHH000039: Composite-id class does not override hashCode(): com.example.demo.model.Feedback$FeedbackId
2023-11-03T23:49:12.230+07:00  WARN 816 --- [           main] org.hibernate.mapping.RootClass          : HHH000038: Composite-id class does not override equals(): com.example.demo.model.ProductLotDetails$ProductLotDetailsId
2023-11-03T23:49:12.230+07:00  WARN 816 --- [           main] org.hibernate.mapping.RootClass          : HHH000039: Composite-id class does not override hashCode(): com.example.demo.model.ProductLotDetails$ProductLotDetailsId
2023-11-03T23:49:12.230+07:00  WARN 816 --- [           main] org.hibernate.mapping.RootClass          : HHH000038: Composite-id class does not override equals(): com.example.demo.model.PromotionDetail$PromotionDetailId
2023-11-03T23:49:12.230+07:00  WARN 816 --- [           main] org.hibernate.mapping.RootClass          : HHH000039: Composite-id class does not override hashCode(): com.example.demo.model.PromotionDetail$PromotionDetailId
2023-11-03T23:49:12.231+07:00  WARN 816 --- [           main] org.hibernate.mapping.RootClass          : HHH000038: Composite-id class does not override equals(): com.example.demo.model.ShoppingCart$ShoppingCartId
2023-11-03T23:49:12.231+07:00  WARN 816 --- [           main] org.hibernate.mapping.RootClass          : HHH000039: Composite-id class does not override hashCode(): com.example.demo.model.ShoppingCart$ShoppingCartId
2023-11-03T23:49:12.231+07:00  WARN 816 --- [           main] org.hibernate.mapping.RootClass          : HHH000038: Composite-id class does not override equals(): com.example.demo.model.InvoiceDetail$InvoiceDetailId
2023-11-03T23:49:12.231+07:00  WARN 816 --- [           main] org.hibernate.mapping.RootClass          : HHH000039: Composite-id class does not override hashCode(): com.example.demo.model.InvoiceDetail$InvoiceDetailId
2023-11-03T23:49:12.850+07:00  INFO 816 --- [           main] o.h.m.internal.PojoInstantiatorImpl      : HHH000182: No default (no-argument) constructor for class: com.example.demo.model.Feedback$FeedbackId (class must be instantiated by Interceptor)
2023-11-03T23:49:12.859+07:00  INFO 816 --- [           main] o.h.m.internal.PojoInstantiatorImpl      : HHH000182: No default (no-argument) constructor for class: com.example.demo.model.ProductLotDetails$ProductLotDetailsId (class must be instantiated by Interceptor)
2023-11-03T23:49:12.859+07:00  INFO 816 --- [           main] o.h.m.internal.PojoInstantiatorImpl      : HHH000182: No default (no-argument) constructor for class: com.example.demo.model.PromotionDetail$PromotionDetailId (class must be instantiated by Interceptor)
2023-11-03T23:49:12.860+07:00  INFO 816 --- [           main] o.h.m.internal.PojoInstantiatorImpl      : HHH000182: No default (no-argument) constructor for class: com.example.demo.model.ShoppingCart$ShoppingCartId (class must be instantiated by Interceptor)
2023-11-03T23:49:12.860+07:00  INFO 816 --- [           main] o.h.m.internal.PojoInstantiatorImpl      : HHH000182: No default (no-argument) constructor for class: com.example.demo.model.InvoiceDetail$InvoiceDetailId (class must be instantiated by Interceptor)
2023-11-03T23:49:13.061+07:00  INFO 816 --- [           main] o.h.e.t.j.p.i.JtaPlatformInitiator       : HHH000489: No JTA platform available (set 'hibernate.transaction.jta.platform' to enable JTA platform integration)
2023-11-03T23:49:13.065+07:00  INFO 816 --- [           main] j.LocalContainerEntityManagerFactoryBean : Initialized JPA EntityManagerFactory for persistence unit 'default'
2023-11-03T23:49:13.668+07:00  WARN 816 --- [           main] JpaBaseConfiguration$JpaWebConfiguration : spring.jpa.open-in-view is enabled by default. Therefore, database queries may be performed during view rendering. Explicitly configure spring.jpa.open-in-view to disable this warning
2023-11-03T23:49:14.035+07:00  INFO 816 --- [           main] com.example.demo.Demo1ApplicationTests   : Started Demo1ApplicationTests in 4.822 seconds (process running for 5.716)
]]></system-out>
  </testcase>
</testsuite>